<?xml version="1.0" encoding="UTF-8"?>
<beans xmlns="http://www.springframework.org/schema/beans"
	xmlns:xsi="http://www.w3.org/2001/XMLSchema-instance"
	xmlns:context="http://www.springframework.org/schema/context"
	xmlns:aop="http://www.springframework.org/schema/aop"
	xsi:schemaLocation="http://www.springframework.org/schema/beans http://www.springframework.org/schema/beans/spring-beans.xsd
						http://www.springframework.org/schema/context http://www.springframework.org/schema/context/spring-context.xsd
						http://www.springframework.org/schema/aop http://www.springframework.org/schema/aop/spring-aop-3.0.xsd">

    <context:annotation-config />
    <aop:aspectj-autoproxy />

	<!-- boilerplate synchronizer configuration. this line injects synchronizer into your app context. -->
	<context:component-scan base-package="com.mass.concurrent.sync.springaop.config" />
	
	<!-- this is the service I want to synchronize -->
    <bean class="com.mass.concurrent.sync.springaop.SpringIntegrationTest.SynchronizedAlarms" />

	<!-- custom, user-provided synchronizer configuration -->    
    <bean class="com.mass.concurrent.sync.springaop.config.SynchronizerLockRegistryConfiguration">
    	<constructor-arg name="name" value="callers" />
    	<constructor-arg name="lockKeyFactory">
    		<bean class="com.mass.concurrent.sync.keyfactories.StringLockKeyFactory" />
    	</constructor-arg>
    </bean>
	<bean class="com.mass.concurrent.sync.springaop.config.SynchronizerConfiguration" >
		<constructor-arg name="scope" value="LOCAL_JVM" /> <!-- this says we should use local locks for everything -->
		<constructor-arg name="zkMutexBasePath" value="/zkpath/mutexes" />
	</bean>
	<!-- end custom, user-provided synchronizer configuration -->
	
</beans>
